2023-04-19 15:39:16,724 [Worker-4: Loading available Gradle versions] INFO  o.e.b.c.i.u.g.PublishedGradleVersions - Gradle version information cache is up-to-date. Trying to read.
2023-04-19 15:39:20,480 [Worker-7: Updating Maven Dependencies] INFO  o.e.m.c.i.l.LifecycleMappingFactory - Using org.maven.ide.eclipse.wtp.WarLifecycleMapping lifecycle mapping for MavenProject: rk:SpringMVCProj01-FirstApp1:0.0.1-SNAPSHOT @ C:\Users\vvkvrk\Desktop\eclipse-workspace\SpringMVC\SpringMVCProj01-FirstApp-1\pom.xml.
2023-04-19 15:39:24,962 [Worker-3: Updating Maven Project] INFO  o.e.m.c.i.p.ProjectConfigurationManager - Update started
2023-04-19 15:39:25,397 [Worker-3: Updating Maven Project] INFO  o.e.m.c.i.l.LifecycleMappingFactory - Using org.maven.ide.eclipse.wtp.WarLifecycleMapping lifecycle mapping for MavenProject: rk:SpringMVCProj01-FirstApp1:0.0.1-SNAPSHOT @ C:\Users\vvkvrk\Desktop\eclipse-workspace\SpringMVC\SpringMVCProj01-FirstApp-1\pom.xml.
2023-04-19 15:39:26,046 [Worker-3: Updating Maven Project] INFO  o.e.m.j.i.AbstractJavaProjectConfigurator - Adding source folder /SpringMVCProj01-FirstApp-1/src/main/java
2023-04-19 15:39:26,046 [Worker-3: Updating Maven Project] INFO  o.e.m.j.i.AbstractJavaProjectConfigurator - Adding resource folder /SpringMVCProj01-FirstApp-1/src/main/resources
2023-04-19 15:39:26,047 [Worker-3: Updating Maven Project] INFO  o.e.m.j.i.AbstractJavaProjectConfigurator - Adding resource folder /SpringMVCProj01-FirstApp-1/src/main/resources
2023-04-19 15:39:26,048 [Worker-3: Updating Maven Project] INFO  o.e.m.j.i.AbstractJavaProjectConfigurator - Adding source folder /SpringMVCProj01-FirstApp-1/src/test/java
2023-04-19 15:39:26,957 [Worker-3: Updating Maven Project] INFO  o.e.m.w.i.f.ResourceFilteringBuildParticipant - Cleaning filtered folder for SpringMVCProj01-FirstApp-1
2023-04-19 15:39:26,966 [Worker-3: Updating Maven Project] INFO  o.e.m.c.i.p.ProjectConfigurationManager - Update completed for 1 poms: local refresh takes 0.00 sec, refresh facades takes 0.00 sec, update config takes 1.00 sec 
2023-04-19 15:39:27,202 [Worker-1: Building] INFO  o.e.m.w.i.f.ResourceFilteringBuildParticipant - Changed resources require a complete clean of filtered resources of SpringMVCProj01-FirstApp-1
2023-04-19 15:39:27,203 [Worker-1: Building] INFO  o.e.m.w.i.f.ResourceFilteringBuildParticipant - Executing resource filtering for SpringMVCProj01-FirstApp-1
2023-04-19 15:40:11,451 [Worker-8: Updating Maven Project] INFO  o.e.m.c.i.p.ProjectConfigurationManager - Update started
2023-04-19 15:40:11,780 [Worker-8: Updating Maven Project] INFO  o.e.m.c.i.l.LifecycleMappingFactory - Using org.maven.ide.eclipse.wtp.WarLifecycleMapping lifecycle mapping for MavenProject: rk:SpringMVCProj01-FirstApp1:0.0.1-SNAPSHOT @ C:\Users\vvkvrk\Desktop\eclipse-workspace\SpringMVC\SpringMVCProj01-FirstApp-1\pom.xml.
2023-04-19 15:40:12,163 [Worker-8: Updating Maven Project] INFO  o.e.m.j.i.AbstractJavaProjectConfigurator - Adding source folder /SpringMVCProj01-FirstApp-1/src/main/java
2023-04-19 15:40:12,164 [Worker-8: Updating Maven Project] INFO  o.e.m.j.i.AbstractJavaProjectConfigurator - Adding resource folder /SpringMVCProj01-FirstApp-1/src/main/resources
2023-04-19 15:40:12,164 [Worker-8: Updating Maven Project] INFO  o.e.m.j.i.AbstractJavaProjectConfigurator - Adding resource folder /SpringMVCProj01-FirstApp-1/src/main/resources
2023-04-19 15:40:12,165 [Worker-8: Updating Maven Project] INFO  o.e.m.j.i.AbstractJavaProjectConfigurator - Adding source folder /SpringMVCProj01-FirstApp-1/src/test/java
2023-04-19 15:40:12,602 [Worker-8: Updating Maven Project] INFO  o.e.m.w.i.f.ResourceFilteringBuildParticipant - Cleaning filtered folder for SpringMVCProj01-FirstApp-1
2023-04-19 15:40:12,612 [Worker-8: Updating Maven Project] INFO  o.e.m.c.i.p.ProjectConfigurationManager - Update completed for 1 poms: local refresh takes 0.00 sec, refresh facades takes 0.00 sec, update config takes 0.00 sec 
2023-04-19 15:40:12,880 [Worker-2: Building] INFO  o.e.m.w.i.f.ResourceFilteringBuildParticipant - Changed resources require a complete clean of filtered resources of SpringMVCProj01-FirstApp-1
2023-04-19 15:40:12,881 [Worker-2: Building] INFO  o.e.m.w.i.f.ResourceFilteringBuildParticipant - Executing resource filtering for SpringMVCProj01-FirstApp-1
2023-04-19 15:45:19,026 [Worker-1: Building] INFO  o.a.m.s.f.DefaultMavenResourcesFiltering - Copying 0 resource
2023-04-19 15:45:19,027 [Worker-1: Building] INFO  o.a.m.s.f.DefaultMavenResourcesFiltering - Copying 0 resource
2023-04-19 15:45:19,032 [Worker-1: Building] INFO  o.a.m.s.f.DefaultMavenResourcesFiltering - skip non existing resourceDirectory C:\Users\vvkvrk\Desktop\eclipse-workspace\SpringMVC\SpringMVCProj01-FirstApp-1\src\test\resources
2023-04-19 15:45:20,989 [Worker-11: Building] INFO  o.a.m.s.f.DefaultMavenResourcesFiltering - Copying 0 resource
2023-04-19 15:45:20,989 [Worker-11: Building] INFO  o.a.m.s.f.DefaultMavenResourcesFiltering - Copying 0 resource
2023-04-19 15:45:20,993 [Worker-11: Building] INFO  o.a.m.s.f.DefaultMavenResourcesFiltering - skip non existing resourceDirectory C:\Users\vvkvrk\Desktop\eclipse-workspace\SpringMVC\SpringMVCProj01-FirstApp-1\src\test\resources
2023-04-19 15:45:49,743 [Worker-11: Building] INFO  o.a.m.s.f.DefaultMavenResourcesFiltering - Copying 1 resource
2023-04-19 15:45:49,764 [Worker-11: Building] INFO  o.a.m.s.f.DefaultMavenResourcesFiltering - Copying 0 resource
2023-04-19 15:45:49,769 [Worker-11: Building] INFO  o.a.m.s.f.DefaultMavenResourcesFiltering - skip non existing resourceDirectory C:\Users\vvkvrk\Desktop\eclipse-workspace\SpringMVC\SpringMVCProj01-FirstApp-1\src\test\resources
2023-04-19 15:46:11,089 [Worker-12: Updating Maven Project] INFO  o.e.m.c.i.p.ProjectConfigurationManager - Update started
2023-04-19 15:46:11,380 [Worker-12: Updating Maven Project] INFO  o.e.m.c.i.l.LifecycleMappingFactory - Using org.maven.ide.eclipse.wtp.WarLifecycleMapping lifecycle mapping for MavenProject: rk:SpringMVCProj01-FirstApp1:0.0.1-SNAPSHOT @ C:\Users\vvkvrk\Desktop\eclipse-workspace\SpringMVC\SpringMVCProj01-FirstApp-1\pom.xml.
2023-04-19 15:46:11,687 [Worker-12: Updating Maven Project] INFO  o.e.m.j.i.AbstractJavaProjectConfigurator - Adding source folder /SpringMVCProj01-FirstApp-1/src/main/java
2023-04-19 15:46:11,687 [Worker-12: Updating Maven Project] INFO  o.e.m.j.i.AbstractJavaProjectConfigurator - Adding resource folder /SpringMVCProj01-FirstApp-1/src/main/resources
2023-04-19 15:46:11,688 [Worker-12: Updating Maven Project] INFO  o.e.m.j.i.AbstractJavaProjectConfigurator - Adding resource folder /SpringMVCProj01-FirstApp-1/src/main/resources
2023-04-19 15:46:11,689 [Worker-12: Updating Maven Project] INFO  o.e.m.j.i.AbstractJavaProjectConfigurator - Adding source folder /SpringMVCProj01-FirstApp-1/src/test/java
2023-04-19 15:46:12,100 [Worker-12: Updating Maven Project] INFO  o.e.m.w.i.f.ResourceFilteringBuildParticipant - Cleaning filtered folder for SpringMVCProj01-FirstApp-1
2023-04-19 15:46:12,108 [Worker-12: Updating Maven Project] INFO  o.e.m.c.i.p.ProjectConfigurationManager - Update completed for 1 poms: local refresh takes 0.00 sec, refresh facades takes 0.00 sec, update config takes 0.00 sec 
2023-04-19 15:46:12,315 [Worker-12: Building] INFO  o.e.m.w.i.f.ResourceFilteringBuildParticipant - Changed resources require a complete clean of filtered resources of SpringMVCProj01-FirstApp-1
2023-04-19 15:46:12,315 [Worker-12: Building] INFO  o.e.m.w.i.f.ResourceFilteringBuildParticipant - Executing resource filtering for SpringMVCProj01-FirstApp-1
2023-04-19 15:46:31,181 [Worker-1: Cleaning all projects] INFO  o.e.m.w.i.f.ResourceFilteringBuildParticipant - Cleaning filtered folder for SpringMVCProj01-FirstApp-1
2023-04-19 15:46:31,387 [Worker-15: Building] INFO  o.a.m.s.f.DefaultMavenResourcesFiltering - Copying 1 resource
2023-04-19 15:46:31,406 [Worker-15: Building] INFO  o.a.m.s.f.DefaultMavenResourcesFiltering - Copying 0 resource
2023-04-19 15:46:31,410 [Worker-15: Building] INFO  o.a.m.s.f.DefaultMavenResourcesFiltering - skip non existing resourceDirectory C:\Users\vvkvrk\Desktop\eclipse-workspace\SpringMVC\SpringMVCProj01-FirstApp-1\src\test\resources
2023-04-19 15:46:31,410 [Worker-15: Building] INFO  o.e.m.w.i.f.ResourceFilteringBuildParticipant - Changed resources require a complete clean of filtered resources of SpringMVCProj01-FirstApp-1
2023-04-19 15:46:31,410 [Worker-15: Building] INFO  o.e.m.w.i.f.ResourceFilteringBuildParticipant - Executing resource filtering for SpringMVCProj01-FirstApp-1
2023-04-19 15:46:57,465 [Worker-17: Updating Maven Project] INFO  o.e.m.c.i.p.ProjectConfigurationManager - Update started
2023-04-19 15:46:57,768 [Worker-17: Updating Maven Project] INFO  o.e.m.c.i.l.LifecycleMappingFactory - Using org.maven.ide.eclipse.wtp.WarLifecycleMapping lifecycle mapping for MavenProject: rk:SpringMVCProj01-FirstApp1:0.0.1-SNAPSHOT @ C:\Users\vvkvrk\Desktop\eclipse-workspace\SpringMVC\SpringMVCProj01-FirstApp-1\pom.xml.
2023-04-19 15:46:58,020 [Worker-17: Updating Maven Project] INFO  o.e.m.j.i.AbstractJavaProjectConfigurator - Adding source folder /SpringMVCProj01-FirstApp-1/src/main/java
2023-04-19 15:46:58,021 [Worker-17: Updating Maven Project] INFO  o.e.m.j.i.AbstractJavaProjectConfigurator - Adding resource folder /SpringMVCProj01-FirstApp-1/src/main/resources
2023-04-19 15:46:58,021 [Worker-17: Updating Maven Project] INFO  o.e.m.j.i.AbstractJavaProjectConfigurator - Adding resource folder /SpringMVCProj01-FirstApp-1/src/main/resources
2023-04-19 15:46:58,022 [Worker-17: Updating Maven Project] INFO  o.e.m.j.i.AbstractJavaProjectConfigurator - Adding source folder /SpringMVCProj01-FirstApp-1/src/test/java
2023-04-19 15:46:58,348 [Worker-17: Updating Maven Project] INFO  o.e.m.w.i.f.ResourceFilteringBuildParticipant - Cleaning filtered folder for SpringMVCProj01-FirstApp-1
2023-04-19 15:46:58,354 [Worker-17: Updating Maven Project] INFO  o.e.m.c.i.p.ProjectConfigurationManager - Update completed for 1 poms: local refresh takes 0.00 sec, refresh facades takes 0.00 sec, update config takes 0.00 sec 
2023-04-19 15:46:58,560 [Worker-1: Building] INFO  o.e.m.w.i.f.ResourceFilteringBuildParticipant - Changed resources require a complete clean of filtered resources of SpringMVCProj01-FirstApp-1
2023-04-19 15:46:58,561 [Worker-1: Building] INFO  o.e.m.w.i.f.ResourceFilteringBuildParticipant - Executing resource filtering for SpringMVCProj01-FirstApp-1
2023-04-19 15:47:12,135 [Worker-1: Building] INFO  o.a.m.s.f.DefaultMavenResourcesFiltering - Copying 0 resource
2023-04-19 15:47:12,136 [Worker-1: Building] INFO  o.a.m.s.f.DefaultMavenResourcesFiltering - Copying 0 resource
2023-04-19 15:47:12,140 [Worker-1: Building] INFO  o.a.m.s.f.DefaultMavenResourcesFiltering - skip non existing resourceDirectory C:\Users\vvkvrk\Desktop\eclipse-workspace\SpringMVC\SpringMVCProj01-FirstApp-1\src\test\resources
